Analysis & Synthesis report for macprocess
Thu Feb 22 15:42:33 2024
Quartus Prime Version 20.1.1 Build 720 11/11/2020 SJ Lite Edition


---------------------
; Table of Contents ;
---------------------
  1. Legal Notice
  2. Analysis & Synthesis Summary
  3. Analysis & Synthesis Settings
  4. Parallel Compilation
  5. Analysis & Synthesis Source Files Read
  6. Analysis & Synthesis Resource Usage Summary
  7. Analysis & Synthesis Resource Utilization by Entity
  8. Analysis & Synthesis DSP Block Usage Summary
  9. Registers Removed During Synthesis
 10. Removed Registers Triggering Further Register Optimizations
 11. General Register Statistics
 12. Multiplexer Restructuring Statistics (Restructuring Performed)
 13. Port Connectivity Checks: "outreg16:MR0"
 14. Port Connectivity Checks: "outreg16:MR1"
 15. Port Connectivity Checks: "outreg8:MR2"
 16. Port Connectivity Checks: "Multiplexer:MUX7"
 17. Port Connectivity Checks: "Multiplexer:MUX6"
 18. Port Connectivity Checks: "mux2_1_8bit:MUX5"
 19. Port Connectivity Checks: "reg16:MF"
 20. Port Connectivity Checks: "tristate_buffer:TSB1"
 21. Port Connectivity Checks: "Multiplexer:MUX4"
 22. Port Connectivity Checks: "reg16:MY1"
 23. Port Connectivity Checks: "reg16:MY0"
 24. Port Connectivity Checks: "Multiplexer:MUX0"
 25. Port Connectivity Checks: "tristate_buffer:TSB0"
 26. Port Connectivity Checks: "Multiplexer:MUX2"
 27. Port Connectivity Checks: "reg16:MX1"
 28. Port Connectivity Checks: "reg16:MX0"
 29. Post-Synthesis Netlist Statistics for Top Partition
 30. Elapsed Time Per Partition
 31. Analysis & Synthesis Messages



----------------
; Legal Notice ;
----------------
Copyright (C) 2020  Intel Corporation. All rights reserved.
Your use of Intel Corporation's design tools, logic functions 
and other software and tools, and any partner logic 
functions, and any output files from any of the foregoing 
(including device programming or simulation files), and any 
associated documentation or information are expressly subject 
to the terms and conditions of the Intel Program License 
Subscription Agreement, the Intel Quartus Prime License Agreement,
the Intel FPGA IP License Agreement, or other applicable license
agreement, including, without limitation, that your use is for
the sole purpose of programming logic devices manufactured by
Intel and sold by Intel or its authorized distributors.  Please
refer to the applicable agreement for further details, at
https://fpgasoftware.intel.com/eula.



+-------------------------------------------------------------------------------+
; Analysis & Synthesis Summary                                                  ;
+---------------------------------+---------------------------------------------+
; Analysis & Synthesis Status     ; Successful - Thu Feb 22 15:42:33 2024       ;
; Quartus Prime Version           ; 20.1.1 Build 720 11/11/2020 SJ Lite Edition ;
; Revision Name                   ; macprocess                                  ;
; Top-level Entity Name           ; topmac                                      ;
; Family                          ; Cyclone V                                   ;
; Logic utilization (in ALMs)     ; N/A                                         ;
; Total registers                 ; 32                                          ;
; Total pins                      ; 109                                         ;
; Total virtual pins              ; 0                                           ;
; Total block memory bits         ; 0                                           ;
; Total DSP Blocks                ; 1                                           ;
; Total HSSI RX PCSs              ; 0                                           ;
; Total HSSI PMA RX Deserializers ; 0                                           ;
; Total HSSI TX PCSs              ; 0                                           ;
; Total HSSI PMA TX Serializers   ; 0                                           ;
; Total PLLs                      ; 0                                           ;
; Total DLLs                      ; 0                                           ;
+---------------------------------+---------------------------------------------+


+---------------------------------------------------------------------------------------------------------------------------+
; Analysis & Synthesis Settings                                                                                             ;
+---------------------------------------------------------------------------------+--------------------+--------------------+
; Option                                                                          ; Setting            ; Default Value      ;
+---------------------------------------------------------------------------------+--------------------+--------------------+
; Device                                                                          ; 5CSEMA5F31C6       ;                    ;
; Top-level entity name                                                           ; topmac             ; macprocess         ;
; Family name                                                                     ; Cyclone V          ; Cyclone V          ;
; Use smart compilation                                                           ; Off                ; Off                ;
; Enable parallel Assembler and Timing Analyzer during compilation                ; On                 ; On                 ;
; Enable compact report table                                                     ; Off                ; Off                ;
; Restructure Multiplexers                                                        ; Auto               ; Auto               ;
; MLAB Add Timing Constraints For Mixed-Port Feed-Through Mode Setting Don't Care ; Off                ; Off                ;
; Create Debugging Nodes for IP Cores                                             ; Off                ; Off                ;
; Preserve fewer node names                                                       ; On                 ; On                 ;
; Intel FPGA IP Evaluation Mode                                                   ; Enable             ; Enable             ;
; Verilog Version                                                                 ; Verilog_2001       ; Verilog_2001       ;
; VHDL Version                                                                    ; VHDL_1993          ; VHDL_1993          ;
; State Machine Processing                                                        ; Auto               ; Auto               ;
; Safe State Machine                                                              ; Off                ; Off                ;
; Extract Verilog State Machines                                                  ; On                 ; On                 ;
; Extract VHDL State Machines                                                     ; On                 ; On                 ;
; Ignore Verilog initial constructs                                               ; Off                ; Off                ;
; Iteration limit for constant Verilog loops                                      ; 5000               ; 5000               ;
; Iteration limit for non-constant Verilog loops                                  ; 250                ; 250                ;
; Add Pass-Through Logic to Inferred RAMs                                         ; On                 ; On                 ;
; Infer RAMs from Raw Logic                                                       ; On                 ; On                 ;
; Parallel Synthesis                                                              ; On                 ; On                 ;
; DSP Block Balancing                                                             ; Auto               ; Auto               ;
; NOT Gate Push-Back                                                              ; On                 ; On                 ;
; Power-Up Don't Care                                                             ; On                 ; On                 ;
; Remove Redundant Logic Cells                                                    ; Off                ; Off                ;
; Remove Duplicate Registers                                                      ; On                 ; On                 ;
; Ignore CARRY Buffers                                                            ; Off                ; Off                ;
; Ignore CASCADE Buffers                                                          ; Off                ; Off                ;
; Ignore GLOBAL Buffers                                                           ; Off                ; Off                ;
; Ignore ROW GLOBAL Buffers                                                       ; Off                ; Off                ;
; Ignore LCELL Buffers                                                            ; Off                ; Off                ;
; Ignore SOFT Buffers                                                             ; On                 ; On                 ;
; Limit AHDL Integers to 32 Bits                                                  ; Off                ; Off                ;
; Optimization Technique                                                          ; Balanced           ; Balanced           ;
; Carry Chain Length                                                              ; 70                 ; 70                 ;
; Auto Carry Chains                                                               ; On                 ; On                 ;
; Auto Open-Drain Pins                                                            ; On                 ; On                 ;
; Perform WYSIWYG Primitive Resynthesis                                           ; Off                ; Off                ;
; Auto ROM Replacement                                                            ; On                 ; On                 ;
; Auto RAM Replacement                                                            ; On                 ; On                 ;
; Auto DSP Block Replacement                                                      ; On                 ; On                 ;
; Auto Shift Register Replacement                                                 ; Auto               ; Auto               ;
; Allow Shift Register Merging across Hierarchies                                 ; Auto               ; Auto               ;
; Auto Clock Enable Replacement                                                   ; On                 ; On                 ;
; Strict RAM Replacement                                                          ; Off                ; Off                ;
; Allow Synchronous Control Signals                                               ; On                 ; On                 ;
; Force Use of Synchronous Clear Signals                                          ; Off                ; Off                ;
; Auto Resource Sharing                                                           ; Off                ; Off                ;
; Allow Any RAM Size For Recognition                                              ; Off                ; Off                ;
; Allow Any ROM Size For Recognition                                              ; Off                ; Off                ;
; Allow Any Shift Register Size For Recognition                                   ; Off                ; Off                ;
; Use LogicLock Constraints during Resource Balancing                             ; On                 ; On                 ;
; Ignore translate_off and synthesis_off directives                               ; Off                ; Off                ;
; Timing-Driven Synthesis                                                         ; On                 ; On                 ;
; Report Parameter Settings                                                       ; On                 ; On                 ;
; Report Source Assignments                                                       ; On                 ; On                 ;
; Report Connectivity Checks                                                      ; On                 ; On                 ;
; Ignore Maximum Fan-Out Assignments                                              ; Off                ; Off                ;
; Synchronization Register Chain Length                                           ; 3                  ; 3                  ;
; Power Optimization During Synthesis                                             ; Normal compilation ; Normal compilation ;
; HDL message level                                                               ; Level2             ; Level2             ;
; Suppress Register Optimization Related Messages                                 ; Off                ; Off                ;
; Number of Removed Registers Reported in Synthesis Report                        ; 5000               ; 5000               ;
; Number of Swept Nodes Reported in Synthesis Report                              ; 5000               ; 5000               ;
; Number of Inverted Registers Reported in Synthesis Report                       ; 100                ; 100                ;
; Clock MUX Protection                                                            ; On                 ; On                 ;
; Auto Gated Clock Conversion                                                     ; Off                ; Off                ;
; Block Design Naming                                                             ; Auto               ; Auto               ;
; SDC constraint protection                                                       ; Off                ; Off                ;
; Synthesis Effort                                                                ; Auto               ; Auto               ;
; Shift Register Replacement - Allow Asynchronous Clear Signal                    ; On                 ; On                 ;
; Pre-Mapping Resynthesis Optimization                                            ; Off                ; Off                ;
; Analysis & Synthesis Message Level                                              ; Medium             ; Medium             ;
; Disable Register Merging Across Hierarchies                                     ; Auto               ; Auto               ;
; Resource Aware Inference For Block RAM                                          ; On                 ; On                 ;
; Automatic Parallel Synthesis                                                    ; On                 ; On                 ;
; Partial Reconfiguration Bitstream ID                                            ; Off                ; Off                ;
+---------------------------------------------------------------------------------+--------------------+--------------------+


+------------------------------------------+
; Parallel Compilation                     ;
+----------------------------+-------------+
; Processors                 ; Number      ;
+----------------------------+-------------+
; Number detected on machine ; 4           ;
; Maximum allowed            ; 2           ;
;                            ;             ;
; Average used               ; 1.00        ;
; Maximum used               ; 2           ;
;                            ;             ;
; Usage by Processor         ; % Time Used ;
;     Processor 1            ; 100.0%      ;
;     Processor 2            ;   0.0%      ;
+----------------------------+-------------+


+----------------------------------------------------------------------------------------------------------------------------------------------------------------+
; Analysis & Synthesis Source Files Read                                                                                                                         ;
+----------------------------------+-----------------+-----------------+-------------------------------------------------------------------------------+---------+
; File Name with User-Entered Path ; Used in Netlist ; File Type       ; File Name with Absolute Path                                                  ; Library ;
+----------------------------------+-----------------+-----------------+-------------------------------------------------------------------------------+---------+
; ../../ALU/TriStateBuffer.vhd     ; yes             ; User VHDL File  ; C:/Users/Adrian/OneDrive - University of Miami/ECE 455/ALU/TriStateBuffer.vhd ;         ;
; ../../ALU/Display.vhd            ; yes             ; User VHDL File  ; C:/Users/Adrian/OneDrive - University of Miami/ECE 455/ALU/Display.vhd        ;         ;
; ../../ALU/Multiplexer.vhd        ; yes             ; User VHDL File  ; C:/Users/Adrian/OneDrive - University of Miami/ECE 455/ALU/Multiplexer.vhd    ;         ;
; ../../MAC/topmac.vhd             ; yes             ; User VHDL File  ; C:/Users/Adrian/OneDrive - University of Miami/ECE 455/MAC/topmac.vhd         ;         ;
; ../../MAC/outreg16.vhd           ; yes             ; User VHDL File  ; C:/Users/Adrian/OneDrive - University of Miami/ECE 455/MAC/outreg16.vhd       ;         ;
; ../../MAC/outreg8.vhd            ; yes             ; User VHDL File  ; C:/Users/Adrian/OneDrive - University of Miami/ECE 455/MAC/outreg8.vhd        ;         ;
; ../../MAC/mux2_1_8bit.vhd        ; yes             ; User VHDL File  ; C:/Users/Adrian/OneDrive - University of Miami/ECE 455/MAC/mux2_1_8bit.vhd    ;         ;
; ../../MAC/Multiplier.vhd         ; yes             ; User VHDL File  ; C:/Users/Adrian/OneDrive - University of Miami/ECE 455/MAC/Multiplier.vhd     ;         ;
; ../../MAC/inreg16.vhd            ; yes             ; User VHDL File  ; C:/Users/Adrian/OneDrive - University of Miami/ECE 455/MAC/inreg16.vhd        ;         ;
; ../../MAC/Addersub.vhd           ; yes             ; User VHDL File  ; C:/Users/Adrian/OneDrive - University of Miami/ECE 455/MAC/Addersub.vhd       ;         ;
+----------------------------------+-----------------+-----------------+-------------------------------------------------------------------------------+---------+


+--------------------------------------------------------------------+
; Analysis & Synthesis Resource Usage Summary                        ;
+---------------------------------------------+----------------------+
; Resource                                    ; Usage                ;
+---------------------------------------------+----------------------+
; Estimate of Logic utilization (ALMs needed) ; 48                   ;
;                                             ;                      ;
; Combinational ALUT usage for logic          ; 94                   ;
;     -- 7 input functions                    ; 0                    ;
;     -- 6 input functions                    ; 1                    ;
;     -- 5 input functions                    ; 2                    ;
;     -- 4 input functions                    ; 44                   ;
;     -- <=3 input functions                  ; 47                   ;
;                                             ;                      ;
; Dedicated logic registers                   ; 32                   ;
;                                             ;                      ;
; I/O pins                                    ; 109                  ;
;                                             ;                      ;
; Total DSP Blocks                            ; 1                    ;
;                                             ;                      ;
; Maximum fan-out node                        ; multiplier:Mult|p[0] ;
; Maximum fan-out                             ; 60                   ;
; Total fan-out                               ; 618                  ;
; Average fan-out                             ; 1.64                 ;
+---------------------------------------------+----------------------+


+---------------------------------------------------------------------------------------------------------------------------------------------------------------------------------------------+
; Analysis & Synthesis Resource Utilization by Entity                                                                                                                                         ;
+----------------------------+---------------------+---------------------------+-------------------+------------+------+--------------+--------------------------+-------------+--------------+
; Compilation Hierarchy Node ; Combinational ALUTs ; Dedicated Logic Registers ; Block Memory Bits ; DSP Blocks ; Pins ; Virtual Pins ; Full Hierarchy Name      ; Entity Name ; Library Name ;
+----------------------------+---------------------+---------------------------+-------------------+------------+------+--------------+--------------------------+-------------+--------------+
; |topmac                    ; 94 (0)              ; 32 (0)                    ; 0                 ; 1          ; 109  ; 0            ; |topmac                  ; topmac      ; work         ;
;    |Display:ledpass1|      ; 7 (7)               ; 0 (0)                     ; 0                 ; 0          ; 0    ; 0            ; |topmac|Display:ledpass1 ; Display     ; work         ;
;    |Display:ledpass2|      ; 7 (7)               ; 0 (0)                     ; 0                 ; 0          ; 0    ; 0            ; |topmac|Display:ledpass2 ; Display     ; work         ;
;    |Display:ledpass3|      ; 7 (7)               ; 0 (0)                     ; 0                 ; 0          ; 0    ; 0            ; |topmac|Display:ledpass3 ; Display     ; work         ;
;    |Display:ledpass4|      ; 7 (7)               ; 0 (0)                     ; 0                 ; 0          ; 0    ; 0            ; |topmac|Display:ledpass4 ; Display     ; work         ;
;    |addsub:addsubber|      ; 65 (65)             ; 0 (0)                     ; 0                 ; 0          ; 0    ; 0            ; |topmac|addsub:addsubber ; addsub      ; work         ;
;    |multiplier:Mult|       ; 0 (0)               ; 0 (0)                     ; 0                 ; 1          ; 0    ; 0            ; |topmac|multiplier:Mult  ; multiplier  ; work         ;
;    |outreg16:MR0|          ; 0 (0)               ; 16 (16)                   ; 0                 ; 0          ; 0    ; 0            ; |topmac|outreg16:MR0     ; outreg16    ; work         ;
;    |outreg16:MR1|          ; 0 (0)               ; 16 (16)                   ; 0                 ; 0          ; 0    ; 0            ; |topmac|outreg16:MR1     ; outreg16    ; work         ;
;    |outreg8:MR2|           ; 1 (1)               ; 0 (0)                     ; 0                 ; 0          ; 0    ; 0            ; |topmac|outreg8:MR2      ; outreg8     ; work         ;
+----------------------------+---------------------+---------------------------+-------------------+------------+------+--------------+--------------------------+-------------+--------------+
Note: For table entries with two numbers listed, the numbers in parentheses indicate the number of resources of the given type used by the specific entity alone. The numbers listed outside of parentheses indicate the total resources of the given type used by the specific entity and all of its sub-entities in the hierarchy.


+-----------------------------------------------+
; Analysis & Synthesis DSP Block Usage Summary  ;
+---------------------------------+-------------+
; Statistic                       ; Number Used ;
+---------------------------------+-------------+
; Two Independent 18x18           ; 1           ;
; Total number of DSP blocks      ; 1           ;
;                                 ;             ;
; Fixed Point Unsigned Multiplier ; 1           ;
+---------------------------------+-------------+


+--------------------------------------------------------------------------------------+
; Registers Removed During Synthesis                                                   ;
+----------------------------------------+---------------------------------------------+
; Register name                          ; Reason for Removal                          ;
+----------------------------------------+---------------------------------------------+
; reg16:MF|storage[0..15]                ; Stuck at GND due to stuck port clock_enable ;
; reg16:MY1|storage[0]                   ; Stuck at GND due to stuck port data_in      ;
; reg16:MY1|storage[1,2]                 ; Stuck at VCC due to stuck port data_in      ;
; reg16:MY1|storage[3..15]               ; Stuck at GND due to stuck port data_in      ;
; reg16:MY0|storage[0]                   ; Stuck at VCC due to stuck port data_in      ;
; reg16:MY0|storage[1]                   ; Stuck at GND due to stuck port data_in      ;
; reg16:MY0|storage[2]                   ; Stuck at VCC due to stuck port data_in      ;
; reg16:MY0|storage[3..15]               ; Stuck at GND due to stuck port data_in      ;
; reg16:MX1|storage[0,1]                 ; Stuck at GND due to stuck port data_in      ;
; reg16:MX1|storage[2]                   ; Stuck at VCC due to stuck port data_in      ;
; reg16:MX1|storage[3..15]               ; Stuck at GND due to stuck port data_in      ;
; reg16:MX0|storage[0,1]                 ; Stuck at VCC due to stuck port data_in      ;
; reg16:MX0|storage[2..15]               ; Stuck at GND due to stuck port data_in      ;
; outreg8:MR2|storage[0..7]              ; Lost fanout                                 ;
; Total Number of Removed Registers = 88 ;                                             ;
+----------------------------------------+---------------------------------------------+


+-----------------------------------------------------------------------------------------------------------------------------------------------+
; Removed Registers Triggering Further Register Optimizations                                                                                   ;
+---------------------+--------------------------------+----------------------------------------------------------------------------------------+
; Register name       ; Reason for Removal             ; Registers Removed due to This Register                                                 ;
+---------------------+--------------------------------+----------------------------------------------------------------------------------------+
; reg16:MF|storage[0] ; Stuck at GND                   ; reg16:MF|storage[9], reg16:MF|storage[10], reg16:MF|storage[11], reg16:MF|storage[12], ;
;                     ; due to stuck port clock_enable ; reg16:MF|storage[13], reg16:MF|storage[14], reg16:MF|storage[15]                       ;
+---------------------+--------------------------------+----------------------------------------------------------------------------------------+


+------------------------------------------------------+
; General Register Statistics                          ;
+----------------------------------------------+-------+
; Statistic                                    ; Value ;
+----------------------------------------------+-------+
; Total registers                              ; 32    ;
; Number of registers using Synchronous Clear  ; 15    ;
; Number of registers using Synchronous Load   ; 0     ;
; Number of registers using Asynchronous Clear ; 0     ;
; Number of registers using Asynchronous Load  ; 0     ;
; Number of registers using Clock Enable       ; 0     ;
; Number of registers using Preset             ; 0     ;
+----------------------------------------------+-------+


+-----------------------------------------------------------------------------------------------------------------------------------------------+
; Multiplexer Restructuring Statistics (Restructuring Performed)                                                                                ;
+--------------------+-----------+---------------+----------------------+------------------------+------------+---------------------------------+
; Multiplexer Inputs ; Bus Width ; Baseline Area ; Area if Restructured ; Saving if Restructured ; Registered ; Example Multiplexer Output      ;
+--------------------+-----------+---------------+----------------------+------------------------+------------+---------------------------------+
; 32:1               ; 9 bits    ; 189 LEs       ; 0 LEs                ; 189 LEs                ; Yes        ; |topmac|outreg8:MR2|storage[6]  ;
; 17:1               ; 14 bits   ; 154 LEs       ; 14 LEs               ; 140 LEs                ; Yes        ; |topmac|outreg16:MR1|storage[6] ;
; 17:1               ; 16 bits   ; 176 LEs       ; 112 LEs              ; 64 LEs                 ; No         ; |topmac|addsub:addsubber|Mux39  ;
+--------------------+-----------+---------------+----------------------+------------------------+------------+---------------------------------+


+------------------------------------------+
; Port Connectivity Checks: "outreg16:MR0" ;
+------+-------+----------+----------------+
; Port ; Type  ; Severity ; Details        ;
+------+-------+----------+----------------+
; load ; Input ; Info     ; Stuck at VCC   ;
+------+-------+----------+----------------+


+------------------------------------------+
; Port Connectivity Checks: "outreg16:MR1" ;
+------+-------+----------+----------------+
; Port ; Type  ; Severity ; Details        ;
+------+-------+----------+----------------+
; load ; Input ; Info     ; Stuck at VCC   ;
+------+-------+----------+----------------+


+-----------------------------------------+
; Port Connectivity Checks: "outreg8:MR2" ;
+------+-------+----------+---------------+
; Port ; Type  ; Severity ; Details       ;
+------+-------+----------+---------------+
; load ; Input ; Info     ; Stuck at VCC  ;
+------+-------+----------+---------------+


+----------------------------------------------+
; Port Connectivity Checks: "Multiplexer:MUX7" ;
+------+-------+----------+--------------------+
; Port ; Type  ; Severity ; Details            ;
+------+-------+----------+--------------------+
; sel  ; Input ; Info     ; Stuck at GND       ;
+------+-------+----------+--------------------+


+----------------------------------------------+
; Port Connectivity Checks: "Multiplexer:MUX6" ;
+------+-------+----------+--------------------+
; Port ; Type  ; Severity ; Details            ;
+------+-------+----------+--------------------+
; sel  ; Input ; Info     ; Stuck at GND       ;
+------+-------+----------+--------------------+


+----------------------------------------------+
; Port Connectivity Checks: "mux2_1_8bit:MUX5" ;
+------+-------+----------+--------------------+
; Port ; Type  ; Severity ; Details            ;
+------+-------+----------+--------------------+
; sel  ; Input ; Info     ; Stuck at GND       ;
+------+-------+----------+--------------------+


+----------------------------------------+
; Port Connectivity Checks: "reg16:MF"   ;
+------+-------+----------+--------------+
; Port ; Type  ; Severity ; Details      ;
+------+-------+----------+--------------+
; load ; Input ; Info     ; Stuck at GND ;
+------+-------+----------+--------------+


+--------------------------------------------------+
; Port Connectivity Checks: "tristate_buffer:TSB1" ;
+--------+-------+----------+----------------------+
; Port   ; Type  ; Severity ; Details              ;
+--------+-------+----------+----------------------+
; enable ; Input ; Info     ; Stuck at GND         ;
+--------+-------+----------+----------------------+


+----------------------------------------------+
; Port Connectivity Checks: "Multiplexer:MUX4" ;
+------+-------+----------+--------------------+
; Port ; Type  ; Severity ; Details            ;
+------+-------+----------+--------------------+
; sel  ; Input ; Info     ; Stuck at GND       ;
+------+-------+----------+--------------------+


+------------------------------------------------+
; Port Connectivity Checks: "reg16:MY1"          ;
+--------------+-------+----------+--------------+
; Port         ; Type  ; Severity ; Details      ;
+--------------+-------+----------+--------------+
; load         ; Input ; Info     ; Stuck at VCC ;
; input[2..1]  ; Input ; Info     ; Stuck at VCC ;
; input[15..3] ; Input ; Info     ; Stuck at GND ;
; input[0]     ; Input ; Info     ; Stuck at GND ;
+--------------+-------+----------+--------------+


+------------------------------------------------+
; Port Connectivity Checks: "reg16:MY0"          ;
+--------------+-------+----------+--------------+
; Port         ; Type  ; Severity ; Details      ;
+--------------+-------+----------+--------------+
; load         ; Input ; Info     ; Stuck at VCC ;
; input[15..3] ; Input ; Info     ; Stuck at GND ;
; input[2]     ; Input ; Info     ; Stuck at VCC ;
; input[1]     ; Input ; Info     ; Stuck at GND ;
; input[0]     ; Input ; Info     ; Stuck at VCC ;
+--------------+-------+----------+--------------+


+-----------------------------------------------------------------------------------------------------------------+
; Port Connectivity Checks: "Multiplexer:MUX0"                                                                    ;
+-------+--------+----------+-------------------------------------------------------------------------------------+
; Port  ; Type   ; Severity ; Details                                                                             ;
+-------+--------+----------+-------------------------------------------------------------------------------------+
; xyout ; Output ; Info     ; Connected to dangling logic. Logic that only feeds a dangling port will be removed. ;
+-------+--------+----------+-------------------------------------------------------------------------------------+


+--------------------------------------------------+
; Port Connectivity Checks: "tristate_buffer:TSB0" ;
+--------+-------+----------+----------------------+
; Port   ; Type  ; Severity ; Details              ;
+--------+-------+----------+----------------------+
; enable ; Input ; Info     ; Stuck at GND         ;
+--------+-------+----------+----------------------+


+----------------------------------------------+
; Port Connectivity Checks: "Multiplexer:MUX2" ;
+------+-------+----------+--------------------+
; Port ; Type  ; Severity ; Details            ;
+------+-------+----------+--------------------+
; sel  ; Input ; Info     ; Stuck at VCC       ;
+------+-------+----------+--------------------+


+------------------------------------------------+
; Port Connectivity Checks: "reg16:MX1"          ;
+--------------+-------+----------+--------------+
; Port         ; Type  ; Severity ; Details      ;
+--------------+-------+----------+--------------+
; load         ; Input ; Info     ; Stuck at VCC ;
; input[15..3] ; Input ; Info     ; Stuck at GND ;
; input[1..0]  ; Input ; Info     ; Stuck at GND ;
; input[2]     ; Input ; Info     ; Stuck at VCC ;
+--------------+-------+----------+--------------+


+------------------------------------------------+
; Port Connectivity Checks: "reg16:MX0"          ;
+--------------+-------+----------+--------------+
; Port         ; Type  ; Severity ; Details      ;
+--------------+-------+----------+--------------+
; load         ; Input ; Info     ; Stuck at VCC ;
; input[1..0]  ; Input ; Info     ; Stuck at VCC ;
; input[15..2] ; Input ; Info     ; Stuck at GND ;
+--------------+-------+----------+--------------+


+-----------------------------------------------------+
; Post-Synthesis Netlist Statistics for Top Partition ;
+-----------------------+-----------------------------+
; Type                  ; Count                       ;
+-----------------------+-----------------------------+
; arriav_ff             ; 32                          ;
;     SCLR              ; 15                          ;
;     plain             ; 17                          ;
; arriav_io_obuf        ; 32                          ;
; arriav_lcell_comb     ; 98                          ;
;     arith             ; 33                          ;
;         2 data inputs ; 1                           ;
;         3 data inputs ; 32                          ;
;     normal            ; 65                          ;
;         1 data inputs ; 4                           ;
;         3 data inputs ; 14                          ;
;         4 data inputs ; 44                          ;
;         5 data inputs ; 2                           ;
;         6 data inputs ; 1                           ;
; arriav_mac            ; 1                           ;
; boundary_port         ; 109                         ;
;                       ;                             ;
; Max LUT depth         ; 5.60                        ;
; Average LUT depth     ; 3.75                        ;
+-----------------------+-----------------------------+


+-------------------------------+
; Elapsed Time Per Partition    ;
+----------------+--------------+
; Partition Name ; Elapsed Time ;
+----------------+--------------+
; Top            ; 00:00:00     ;
+----------------+--------------+


+-------------------------------+
; Analysis & Synthesis Messages ;
+-------------------------------+
Info: *******************************************************************
Info: Running Quartus Prime Analysis & Synthesis
    Info: Version 20.1.1 Build 720 11/11/2020 SJ Lite Edition
    Info: Processing started: Thu Feb 22 15:42:22 2024
Info: Command: quartus_map --read_settings_files=on --write_settings_files=off macprocess -c macprocess
Warning (18236): Number of processors has not been specified which may cause overloading on shared machines.  Set the global assignment NUM_PARALLEL_PROCESSORS in your QSF to an appropriate value for best performance.
Info (20030): Parallel compilation is enabled and will use 2 of the 2 processors detected
Info (12021): Found 2 design units, including 1 entities, in source file /users/adrian/onedrive - university of miami/ece 455/alu/tristatebuffer.vhd
    Info (12022): Found design unit 1: tristate_buffer-Arch_tristate16 File: C:/Users/Adrian/OneDrive - University of Miami/ECE 455/ALU/TriStateBuffer.vhd Line: 12
    Info (12023): Found entity 1: tristate_buffer File: C:/Users/Adrian/OneDrive - University of Miami/ECE 455/ALU/TriStateBuffer.vhd Line: 4
Info (12021): Found 2 design units, including 1 entities, in source file /users/adrian/onedrive - university of miami/ece 455/alu/display.vhd
    Info (12022): Found design unit 1: Display-behav_display File: C:/Users/Adrian/OneDrive - University of Miami/ECE 455/ALU/Display.vhd Line: 11
    Info (12023): Found entity 1: Display File: C:/Users/Adrian/OneDrive - University of Miami/ECE 455/ALU/Display.vhd Line: 5
Info (12021): Found 2 design units, including 1 entities, in source file /users/adrian/onedrive - university of miami/ece 455/alu/multiplexer.vhd
    Info (12022): Found design unit 1: Multiplexer-Arch_mux2to1 File: C:/Users/Adrian/OneDrive - University of Miami/ECE 455/ALU/Multiplexer.vhd Line: 11
    Info (12023): Found entity 1: Multiplexer File: C:/Users/Adrian/OneDrive - University of Miami/ECE 455/ALU/Multiplexer.vhd Line: 4
Info (12021): Found 2 design units, including 1 entities, in source file /users/adrian/onedrive - university of miami/ece 455/mac/tristate_buffer8.vhd
    Info (12022): Found design unit 1: TriStateBuffer8-Arch_tristate16 File: C:/Users/Adrian/OneDrive - University of Miami/ECE 455/MAC/tristate_buffer8.vhd Line: 12
    Info (12023): Found entity 1: TriStateBuffer8 File: C:/Users/Adrian/OneDrive - University of Miami/ECE 455/MAC/tristate_buffer8.vhd Line: 4
Info (12021): Found 2 design units, including 1 entities, in source file /users/adrian/onedrive - university of miami/ece 455/mac/topmac.vhd
    Info (12022): Found design unit 1: topmac-struct File: C:/Users/Adrian/OneDrive - University of Miami/ECE 455/MAC/topmac.vhd Line: 25
    Info (12023): Found entity 1: topmac File: C:/Users/Adrian/OneDrive - University of Miami/ECE 455/MAC/topmac.vhd Line: 7
Info (12021): Found 2 design units, including 1 entities, in source file /users/adrian/onedrive - university of miami/ece 455/mac/outreg16.vhd
    Info (12022): Found design unit 1: outreg16-Arch_Register16 File: C:/Users/Adrian/OneDrive - University of Miami/ECE 455/MAC/outreg16.vhd Line: 14
    Info (12023): Found entity 1: outreg16 File: C:/Users/Adrian/OneDrive - University of Miami/ECE 455/MAC/outreg16.vhd Line: 6
Info (12021): Found 2 design units, including 1 entities, in source file /users/adrian/onedrive - university of miami/ece 455/mac/outreg8.vhd
    Info (12022): Found design unit 1: outreg8-Arch_Register16 File: C:/Users/Adrian/OneDrive - University of Miami/ECE 455/MAC/outreg8.vhd Line: 14
    Info (12023): Found entity 1: outreg8 File: C:/Users/Adrian/OneDrive - University of Miami/ECE 455/MAC/outreg8.vhd Line: 6
Info (12021): Found 2 design units, including 1 entities, in source file /users/adrian/onedrive - university of miami/ece 455/mac/mux2_1_8bit.vhd
    Info (12022): Found design unit 1: mux2_1_8bit-Arch_mux2to1 File: C:/Users/Adrian/OneDrive - University of Miami/ECE 455/MAC/mux2_1_8bit.vhd Line: 11
    Info (12023): Found entity 1: mux2_1_8bit File: C:/Users/Adrian/OneDrive - University of Miami/ECE 455/MAC/mux2_1_8bit.vhd Line: 4
Info (12021): Found 2 design units, including 1 entities, in source file /users/adrian/onedrive - university of miami/ece 455/mac/multiplier.vhd
    Info (12022): Found design unit 1: multiplier-Multiplication File: C:/Users/Adrian/OneDrive - University of Miami/ECE 455/MAC/Multiplier.vhd Line: 11
    Info (12023): Found entity 1: multiplier File: C:/Users/Adrian/OneDrive - University of Miami/ECE 455/MAC/Multiplier.vhd Line: 5
Info (12021): Found 2 design units, including 1 entities, in source file /users/adrian/onedrive - university of miami/ece 455/mac/inreg16.vhd
    Info (12022): Found design unit 1: reg16-Arch_Register16 File: C:/Users/Adrian/OneDrive - University of Miami/ECE 455/MAC/inreg16.vhd Line: 14
    Info (12023): Found entity 1: reg16 File: C:/Users/Adrian/OneDrive - University of Miami/ECE 455/MAC/inreg16.vhd Line: 6
Info (12021): Found 2 design units, including 1 entities, in source file /users/adrian/onedrive - university of miami/ece 455/mac/addersub.vhd
    Info (12022): Found design unit 1: addsub-Addsubtract File: C:/Users/Adrian/OneDrive - University of Miami/ECE 455/MAC/Addersub.vhd Line: 31
    Info (12023): Found entity 1: addsub File: C:/Users/Adrian/OneDrive - University of Miami/ECE 455/MAC/Addersub.vhd Line: 5
Info (12127): Elaborating entity "topmac" for the top level hierarchy
Warning (10036): Verilog HDL or VHDL warning at topmac.vhd(93): object "S5" assigned a value but never read File: C:/Users/Adrian/OneDrive - University of Miami/ECE 455/MAC/topmac.vhd Line: 93
Info (12128): Elaborating entity "reg16" for hierarchy "reg16:MX0" File: C:/Users/Adrian/OneDrive - University of Miami/ECE 455/MAC/topmac.vhd Line: 119
Warning (10492): VHDL Process Statement warning at inreg16.vhd(21): signal "load" is read inside the Process Statement but isn't in the Process Statement's sensitivity list File: C:/Users/Adrian/OneDrive - University of Miami/ECE 455/MAC/inreg16.vhd Line: 21
Info (12128): Elaborating entity "Multiplexer" for hierarchy "Multiplexer:MUX1" File: C:/Users/Adrian/OneDrive - University of Miami/ECE 455/MAC/topmac.vhd Line: 121
Info (12128): Elaborating entity "tristate_buffer" for hierarchy "tristate_buffer:TSB0" File: C:/Users/Adrian/OneDrive - University of Miami/ECE 455/MAC/topmac.vhd Line: 124
Info (12128): Elaborating entity "multiplier" for hierarchy "multiplier:Mult" File: C:/Users/Adrian/OneDrive - University of Miami/ECE 455/MAC/topmac.vhd Line: 138
Info (12128): Elaborating entity "addsub" for hierarchy "addsub:addsubber" File: C:/Users/Adrian/OneDrive - University of Miami/ECE 455/MAC/topmac.vhd Line: 139
Warning (10492): VHDL Process Statement warning at Addersub.vhd(52): signal "storage" is read inside the Process Statement but isn't in the Process Statement's sensitivity list File: C:/Users/Adrian/OneDrive - University of Miami/ECE 455/MAC/Addersub.vhd Line: 52
Info (12128): Elaborating entity "mux2_1_8bit" for hierarchy "mux2_1_8bit:MUX5" File: C:/Users/Adrian/OneDrive - University of Miami/ECE 455/MAC/topmac.vhd Line: 146
Info (12128): Elaborating entity "outreg8" for hierarchy "outreg8:MR2" File: C:/Users/Adrian/OneDrive - University of Miami/ECE 455/MAC/topmac.vhd Line: 152
Warning (10492): VHDL Process Statement warning at outreg8.vhd(21): signal "load" is read inside the Process Statement but isn't in the Process Statement's sensitivity list File: C:/Users/Adrian/OneDrive - University of Miami/ECE 455/MAC/outreg8.vhd Line: 21
Info (12128): Elaborating entity "outreg16" for hierarchy "outreg16:MR1" File: C:/Users/Adrian/OneDrive - University of Miami/ECE 455/MAC/topmac.vhd Line: 153
Warning (10492): VHDL Process Statement warning at outreg16.vhd(21): signal "load" is read inside the Process Statement but isn't in the Process Statement's sensitivity list File: C:/Users/Adrian/OneDrive - University of Miami/ECE 455/MAC/outreg16.vhd Line: 21
Info (12128): Elaborating entity "Display" for hierarchy "Display:ledpass1" File: C:/Users/Adrian/OneDrive - University of Miami/ECE 455/MAC/topmac.vhd Line: 161
Warning (13039): The following bidirectional pins have no drivers
    Warning (13040): bidirectional pin "R[0]" has no driver File: C:/Users/Adrian/OneDrive - University of Miami/ECE 455/MAC/topmac.vhd Line: 15
    Warning (13040): bidirectional pin "R[1]" has no driver File: C:/Users/Adrian/OneDrive - University of Miami/ECE 455/MAC/topmac.vhd Line: 15
    Warning (13040): bidirectional pin "R[2]" has no driver File: C:/Users/Adrian/OneDrive - University of Miami/ECE 455/MAC/topmac.vhd Line: 15
    Warning (13040): bidirectional pin "R[3]" has no driver File: C:/Users/Adrian/OneDrive - University of Miami/ECE 455/MAC/topmac.vhd Line: 15
    Warning (13040): bidirectional pin "R[4]" has no driver File: C:/Users/Adrian/OneDrive - University of Miami/ECE 455/MAC/topmac.vhd Line: 15
    Warning (13040): bidirectional pin "R[5]" has no driver File: C:/Users/Adrian/OneDrive - University of Miami/ECE 455/MAC/topmac.vhd Line: 15
    Warning (13040): bidirectional pin "R[6]" has no driver File: C:/Users/Adrian/OneDrive - University of Miami/ECE 455/MAC/topmac.vhd Line: 15
    Warning (13040): bidirectional pin "R[7]" has no driver File: C:/Users/Adrian/OneDrive - University of Miami/ECE 455/MAC/topmac.vhd Line: 15
    Warning (13040): bidirectional pin "R[8]" has no driver File: C:/Users/Adrian/OneDrive - University of Miami/ECE 455/MAC/topmac.vhd Line: 15
    Warning (13040): bidirectional pin "R[9]" has no driver File: C:/Users/Adrian/OneDrive - University of Miami/ECE 455/MAC/topmac.vhd Line: 15
    Warning (13040): bidirectional pin "R[10]" has no driver File: C:/Users/Adrian/OneDrive - University of Miami/ECE 455/MAC/topmac.vhd Line: 15
    Warning (13040): bidirectional pin "R[11]" has no driver File: C:/Users/Adrian/OneDrive - University of Miami/ECE 455/MAC/topmac.vhd Line: 15
    Warning (13040): bidirectional pin "R[12]" has no driver File: C:/Users/Adrian/OneDrive - University of Miami/ECE 455/MAC/topmac.vhd Line: 15
    Warning (13040): bidirectional pin "R[13]" has no driver File: C:/Users/Adrian/OneDrive - University of Miami/ECE 455/MAC/topmac.vhd Line: 15
    Warning (13040): bidirectional pin "R[14]" has no driver File: C:/Users/Adrian/OneDrive - University of Miami/ECE 455/MAC/topmac.vhd Line: 15
    Warning (13040): bidirectional pin "R[15]" has no driver File: C:/Users/Adrian/OneDrive - University of Miami/ECE 455/MAC/topmac.vhd Line: 15
Warning (13027): Removed fan-outs from the following always-disabled I/O buffers
    Warning (13028): Removed fan-out from the always-disabled I/O buffer "tristate_buffer:TSB1|dataout[0]" to the node "DMD[0]" File: C:/Users/Adrian/OneDrive - University of Miami/ECE 455/ALU/TriStateBuffer.vhd Line: 8
    Warning (13028): Removed fan-out from the always-disabled I/O buffer "tristate_buffer:TSB1|dataout[1]" to the node "DMD[1]" File: C:/Users/Adrian/OneDrive - University of Miami/ECE 455/ALU/TriStateBuffer.vhd Line: 8
    Warning (13028): Removed fan-out from the always-disabled I/O buffer "tristate_buffer:TSB1|dataout[2]" to the node "DMD[2]" File: C:/Users/Adrian/OneDrive - University of Miami/ECE 455/ALU/TriStateBuffer.vhd Line: 8
    Warning (13028): Removed fan-out from the always-disabled I/O buffer "tristate_buffer:TSB1|dataout[3]" to the node "DMD[3]" File: C:/Users/Adrian/OneDrive - University of Miami/ECE 455/ALU/TriStateBuffer.vhd Line: 8
    Warning (13028): Removed fan-out from the always-disabled I/O buffer "tristate_buffer:TSB1|dataout[4]" to the node "DMD[4]" File: C:/Users/Adrian/OneDrive - University of Miami/ECE 455/ALU/TriStateBuffer.vhd Line: 8
    Warning (13028): Removed fan-out from the always-disabled I/O buffer "tristate_buffer:TSB1|dataout[5]" to the node "DMD[5]" File: C:/Users/Adrian/OneDrive - University of Miami/ECE 455/ALU/TriStateBuffer.vhd Line: 8
    Warning (13028): Removed fan-out from the always-disabled I/O buffer "tristate_buffer:TSB1|dataout[6]" to the node "DMD[6]" File: C:/Users/Adrian/OneDrive - University of Miami/ECE 455/ALU/TriStateBuffer.vhd Line: 8
    Warning (13028): Removed fan-out from the always-disabled I/O buffer "tristate_buffer:TSB1|dataout[7]" to the node "DMD[7]" File: C:/Users/Adrian/OneDrive - University of Miami/ECE 455/ALU/TriStateBuffer.vhd Line: 8
    Warning (13028): Removed fan-out from the always-disabled I/O buffer "tristate_buffer:TSB1|dataout[8]" to the node "DMD[8]" File: C:/Users/Adrian/OneDrive - University of Miami/ECE 455/ALU/TriStateBuffer.vhd Line: 8
    Warning (13028): Removed fan-out from the always-disabled I/O buffer "tristate_buffer:TSB1|dataout[9]" to the node "DMD[9]" File: C:/Users/Adrian/OneDrive - University of Miami/ECE 455/ALU/TriStateBuffer.vhd Line: 8
    Warning (13028): Removed fan-out from the always-disabled I/O buffer "tristate_buffer:TSB1|dataout[10]" to the node "DMD[10]" File: C:/Users/Adrian/OneDrive - University of Miami/ECE 455/ALU/TriStateBuffer.vhd Line: 8
    Warning (13028): Removed fan-out from the always-disabled I/O buffer "tristate_buffer:TSB1|dataout[11]" to the node "DMD[11]" File: C:/Users/Adrian/OneDrive - University of Miami/ECE 455/ALU/TriStateBuffer.vhd Line: 8
    Warning (13028): Removed fan-out from the always-disabled I/O buffer "tristate_buffer:TSB1|dataout[12]" to the node "DMD[12]" File: C:/Users/Adrian/OneDrive - University of Miami/ECE 455/ALU/TriStateBuffer.vhd Line: 8
    Warning (13028): Removed fan-out from the always-disabled I/O buffer "tristate_buffer:TSB1|dataout[13]" to the node "DMD[13]" File: C:/Users/Adrian/OneDrive - University of Miami/ECE 455/ALU/TriStateBuffer.vhd Line: 8
    Warning (13028): Removed fan-out from the always-disabled I/O buffer "tristate_buffer:TSB1|dataout[14]" to the node "DMD[14]" File: C:/Users/Adrian/OneDrive - University of Miami/ECE 455/ALU/TriStateBuffer.vhd Line: 8
    Warning (13028): Removed fan-out from the always-disabled I/O buffer "tristate_buffer:TSB1|dataout[15]" to the node "DMD[15]" File: C:/Users/Adrian/OneDrive - University of Miami/ECE 455/ALU/TriStateBuffer.vhd Line: 8
Warning (13008): TRI or OPNDRN buffers permanently disabled
    Warning (13010): Node "tristate_buffer:TSB0|dataout[0]" File: C:/Users/Adrian/OneDrive - University of Miami/ECE 455/ALU/TriStateBuffer.vhd Line: 8
    Warning (13010): Node "tristate_buffer:TSB0|dataout[1]" File: C:/Users/Adrian/OneDrive - University of Miami/ECE 455/ALU/TriStateBuffer.vhd Line: 8
    Warning (13010): Node "tristate_buffer:TSB0|dataout[2]" File: C:/Users/Adrian/OneDrive - University of Miami/ECE 455/ALU/TriStateBuffer.vhd Line: 8
Info (286030): Timing-Driven Synthesis is running
Info (17049): 8 registers lost all their fanouts during netlist optimizations.
Info (16010): Generating hard_block partition "hard_block:auto_generated_inst"
    Info (16011): Adding 0 node(s), including 0 DDIO, 0 PLL, 0 transceiver and 0 LCELL
Warning (21074): Design contains 40 input pin(s) that do not drive logic
    Warning (15610): No output dependent on input pin "L[0]" File: C:/Users/Adrian/OneDrive - University of Miami/ECE 455/MAC/topmac.vhd Line: 10
    Warning (15610): No output dependent on input pin "L[1]" File: C:/Users/Adrian/OneDrive - University of Miami/ECE 455/MAC/topmac.vhd Line: 10
    Warning (15610): No output dependent on input pin "L[2]" File: C:/Users/Adrian/OneDrive - University of Miami/ECE 455/MAC/topmac.vhd Line: 10
    Warning (15610): No output dependent on input pin "L[3]" File: C:/Users/Adrian/OneDrive - University of Miami/ECE 455/MAC/topmac.vhd Line: 10
    Warning (15610): No output dependent on input pin "L[4]" File: C:/Users/Adrian/OneDrive - University of Miami/ECE 455/MAC/topmac.vhd Line: 10
    Warning (15610): No output dependent on input pin "L[5]" File: C:/Users/Adrian/OneDrive - University of Miami/ECE 455/MAC/topmac.vhd Line: 10
    Warning (15610): No output dependent on input pin "L[6]" File: C:/Users/Adrian/OneDrive - University of Miami/ECE 455/MAC/topmac.vhd Line: 10
    Warning (15610): No output dependent on input pin "L[7]" File: C:/Users/Adrian/OneDrive - University of Miami/ECE 455/MAC/topmac.vhd Line: 10
    Warning (15610): No output dependent on input pin "Sel[0]" File: C:/Users/Adrian/OneDrive - University of Miami/ECE 455/MAC/topmac.vhd Line: 11
    Warning (15610): No output dependent on input pin "Sel[2]" File: C:/Users/Adrian/OneDrive - University of Miami/ECE 455/MAC/topmac.vhd Line: 11
    Warning (15610): No output dependent on input pin "Sel[4]" File: C:/Users/Adrian/OneDrive - University of Miami/ECE 455/MAC/topmac.vhd Line: 11
    Warning (15610): No output dependent on input pin "Sel[5]" File: C:/Users/Adrian/OneDrive - University of Miami/ECE 455/MAC/topmac.vhd Line: 11
    Warning (15610): No output dependent on input pin "Sel[6]" File: C:/Users/Adrian/OneDrive - University of Miami/ECE 455/MAC/topmac.vhd Line: 11
    Warning (15610): No output dependent on input pin "Sel[7]" File: C:/Users/Adrian/OneDrive - University of Miami/ECE 455/MAC/topmac.vhd Line: 11
    Warning (15610): No output dependent on input pin "Sel[8]" File: C:/Users/Adrian/OneDrive - University of Miami/ECE 455/MAC/topmac.vhd Line: 11
    Warning (15610): No output dependent on input pin "Sel[9]" File: C:/Users/Adrian/OneDrive - University of Miami/ECE 455/MAC/topmac.vhd Line: 11
    Warning (15610): No output dependent on input pin "PMD[0]" File: C:/Users/Adrian/OneDrive - University of Miami/ECE 455/MAC/topmac.vhd Line: 13
    Warning (15610): No output dependent on input pin "PMD[1]" File: C:/Users/Adrian/OneDrive - University of Miami/ECE 455/MAC/topmac.vhd Line: 13
    Warning (15610): No output dependent on input pin "PMD[2]" File: C:/Users/Adrian/OneDrive - University of Miami/ECE 455/MAC/topmac.vhd Line: 13
    Warning (15610): No output dependent on input pin "PMD[3]" File: C:/Users/Adrian/OneDrive - University of Miami/ECE 455/MAC/topmac.vhd Line: 13
    Warning (15610): No output dependent on input pin "PMD[4]" File: C:/Users/Adrian/OneDrive - University of Miami/ECE 455/MAC/topmac.vhd Line: 13
    Warning (15610): No output dependent on input pin "PMD[5]" File: C:/Users/Adrian/OneDrive - University of Miami/ECE 455/MAC/topmac.vhd Line: 13
    Warning (15610): No output dependent on input pin "PMD[6]" File: C:/Users/Adrian/OneDrive - University of Miami/ECE 455/MAC/topmac.vhd Line: 13
    Warning (15610): No output dependent on input pin "PMD[7]" File: C:/Users/Adrian/OneDrive - University of Miami/ECE 455/MAC/topmac.vhd Line: 13
    Warning (15610): No output dependent on input pin "PMD[8]" File: C:/Users/Adrian/OneDrive - University of Miami/ECE 455/MAC/topmac.vhd Line: 13
    Warning (15610): No output dependent on input pin "PMD[9]" File: C:/Users/Adrian/OneDrive - University of Miami/ECE 455/MAC/topmac.vhd Line: 13
    Warning (15610): No output dependent on input pin "PMD[10]" File: C:/Users/Adrian/OneDrive - University of Miami/ECE 455/MAC/topmac.vhd Line: 13
    Warning (15610): No output dependent on input pin "PMD[11]" File: C:/Users/Adrian/OneDrive - University of Miami/ECE 455/MAC/topmac.vhd Line: 13
    Warning (15610): No output dependent on input pin "PMD[12]" File: C:/Users/Adrian/OneDrive - University of Miami/ECE 455/MAC/topmac.vhd Line: 13
    Warning (15610): No output dependent on input pin "PMD[13]" File: C:/Users/Adrian/OneDrive - University of Miami/ECE 455/MAC/topmac.vhd Line: 13
    Warning (15610): No output dependent on input pin "PMD[14]" File: C:/Users/Adrian/OneDrive - University of Miami/ECE 455/MAC/topmac.vhd Line: 13
    Warning (15610): No output dependent on input pin "PMD[15]" File: C:/Users/Adrian/OneDrive - University of Miami/ECE 455/MAC/topmac.vhd Line: 13
    Warning (15610): No output dependent on input pin "PMD[16]" File: C:/Users/Adrian/OneDrive - University of Miami/ECE 455/MAC/topmac.vhd Line: 13
    Warning (15610): No output dependent on input pin "PMD[17]" File: C:/Users/Adrian/OneDrive - University of Miami/ECE 455/MAC/topmac.vhd Line: 13
    Warning (15610): No output dependent on input pin "PMD[18]" File: C:/Users/Adrian/OneDrive - University of Miami/ECE 455/MAC/topmac.vhd Line: 13
    Warning (15610): No output dependent on input pin "PMD[19]" File: C:/Users/Adrian/OneDrive - University of Miami/ECE 455/MAC/topmac.vhd Line: 13
    Warning (15610): No output dependent on input pin "PMD[20]" File: C:/Users/Adrian/OneDrive - University of Miami/ECE 455/MAC/topmac.vhd Line: 13
    Warning (15610): No output dependent on input pin "PMD[21]" File: C:/Users/Adrian/OneDrive - University of Miami/ECE 455/MAC/topmac.vhd Line: 13
    Warning (15610): No output dependent on input pin "PMD[22]" File: C:/Users/Adrian/OneDrive - University of Miami/ECE 455/MAC/topmac.vhd Line: 13
    Warning (15610): No output dependent on input pin "PMD[23]" File: C:/Users/Adrian/OneDrive - University of Miami/ECE 455/MAC/topmac.vhd Line: 13
Info (21057): Implemented 221 device resources after synthesis - the final resource count might be different
    Info (21058): Implemented 48 input pins
    Info (21059): Implemented 29 output pins
    Info (21060): Implemented 32 bidirectional pins
    Info (21061): Implemented 111 logic cells
    Info (21062): Implemented 1 DSP elements
Info: Quartus Prime Analysis & Synthesis was successful. 0 errors, 85 warnings
    Info: Peak virtual memory: 4851 megabytes
    Info: Processing ended: Thu Feb 22 15:42:33 2024
    Info: Elapsed time: 00:00:11
    Info: Total CPU time (on all processors): 00:00:23


